<?xml version='1.0' encoding='UTF-8'?>
<testsuite hostname="hamna-Lenovo-G40-80" name="ASICPractice.RandomNumberGeneratortest" tests="1" errors="0" failures="1" skipped="0" time="7.211" timestamp="2024-02-23T12:14:46">
                     <properties>
      <property name="java.specification.version" value="17"/><property name="sun.jnu.encoding" value="UTF-8"/><property name="sun.arch.data.model" value="64"/><property name="java.vendor.url" value="Unknown"/><property name="sun.boot.library.path" value="/usr/lib/jvm/java-17-openjdk-amd64/lib"/><property name="sun.java.command" value="/home/hamna/.cache/sbt/boot/sbt-launch/1.9.3/sbt-launch-1.9.3.jar"/><property name="jdk.debug" value="release"/><property name="sun.stderr.encoding" value="UTF-8"/><property name="java.specification.vendor" value="Oracle Corporation"/><property name="java.version.date" value="2023-10-17"/><property name="java.home" value="/usr/lib/jvm/java-17-openjdk-amd64"/><property name="file.separator" value="/"/><property name="java.vm.compressedOopsMode" value="32-bit"/><property name="line.separator" value="
"/><property name="sun.stdout.encoding" value="UTF-8"/><property name="java.vm.specification.vendor" value="Oracle Corporation"/><property name="java.specification.name" value="Java Platform API Specification"/><property name="sun.management.compiler" value="HotSpot 64-Bit Tiered Compilers"/><property name="java.runtime.version" value="17.0.9+9-Ubuntu-122.04"/><property name="user.name" value="hamna"/><property name="log4j.ignoreTCL" value="true"/><property name="file.encoding" value="UTF-8"/><property name="jnidispatch.path" value="/home/hamna/.cache/JNA/temp/jna7351980798207506353.tmp"/><property name="jna.loaded" value="true"/><property name="java.io.tmpdir" value="/tmp"/><property name="java.version" value="17.0.9"/><property name="java.vm.specification.name" value="Java Virtual Machine Specification"/><property name="native.encoding" value="UTF-8"/><property name="java.library.path" value="/usr/java/packages/lib:/usr/lib/x86_64-linux-gnu/jni:/lib/x86_64-linux-gnu:/usr/lib/x86_64-linux-gnu:/usr/lib/jni:/lib:/usr/lib"/><property name="java.vendor" value="Private Build"/><property name="scala.ext.dirs" value="/home/hamna/.sbt/1.0/java9-rt-ext-private_build_17_0_9"/><property name="sun.io.unicode.encoding" value="UnicodeLittle"/><property name="java.class.path" value="/home/hamna/.cache/sbt/boot/sbt-launch/1.9.3/sbt-launch-1.9.3.jar"/><property name="java.vm.vendor" value="Private Build"/><property name="jline.shutdownhook" value="false"/><property name="user.timezone" value="Asia/Karachi"/><property name="java.vm.specification.version" value="17"/><property name="os.name" value="Linux"/><property name="sun.java.launcher" value="SUN_STANDARD"/><property name="user.country" value="US"/><property name="sun.cpu.endian" value="little"/><property name="user.home" value="/home/hamna"/><property name="user.language" value="en"/><property name="sbt.script" value="/usr/bin/sbt"/><property name="swoval.tmpdir" value="/home/hamna/.sbt/1.0"/><property name="jline.esc.timeout" value="0"/><property name="path.separator" value=":"/><property name="os.version" value="6.5.0-17-generic"/><property name="jna.nosys" value="true"/><property name="java.runtime.name" value="OpenJDK Runtime Environment"/><property name="java.vm.name" value="OpenJDK 64-Bit Server VM"/><property name="jna.platform.library.path" value="/usr/lib/x86_64-linux-gnu:/lib/x86_64-linux-gnu:/usr/lib64:/lib64:/usr/lib:/lib:/lib/i386-linux-gnu:/libx32:/lib32:/usr/lib/x86_64-linux-gnu/libfakeroot"/><property name="java.vendor.url.bug" value="Unknown"/><property name="user.dir" value="/home/hamna/Scala-Chisel-Learning-Journey"/><property name="os.arch" value="amd64"/><property name="java.vm.info" value="mixed mode, sharing"/><property name="java.vm.version" value="17.0.9+9-Ubuntu-122.04"/><property name="java.class.version" value="61.0"/>
    </properties>
                     <testcase classname="ASICPractice.RandomNumberGeneratortest" name="random Test" time="7.211">
                                                 <failure message="LFSR.io_out=0 (0x0) did not equal expected=189 (0xbd) (lines in randomtest.scala: 10)" type="org.scalatest.exceptions.TestFailedException">org.scalatest.exceptions.TestFailedException: LFSR.io_out=0 (0x0) did not equal expected=189 (0xbd) (lines in randomtest.scala: 10)
	at chiseltest.internal.TestEnvInterface.testerExpect(TestEnvInterface.scala:107)
	at chiseltest.internal.TestEnvInterface.testerExpect$(TestEnvInterface.scala:70)
	at ASICPractice.RandomNumberGeneratortest.testerExpect(randomtest.scala:8)
	at chiseltest.legacy.backends.verilator.VerilatorBackend.expectBits(VerilatorBackend.scala:129)
	at chiseltest.package$testableData.expectWithStale(package.scala:166)
	at chiseltest.package$testableData.expect(package.scala:193)
	at ASICPractice.RandomNumberGeneratortest.$anonfun$new$3(randomtest.scala:13)
	at ASICPractice.RandomNumberGeneratortest.$anonfun$new$3$adapted(randomtest.scala:10)
	at chiseltest.legacy.backends.verilator.VerilatorBackend.$anonfun$run$1(VerilatorBackend.scala:192)
	at chiseltest.internal.ThreadedBackend$TesterThread$$anon$1.$anonfun$run$1(ThreadedBackend.scala:507)
	at chiseltest.legacy.backends.verilator.VerilatorBackend.doTimescope(VerilatorBackend.scala:149)
	at chiseltest.internal.ThreadedBackend$TesterThread$$anon$1.run(ThreadedBackend.scala:507)
	at java.base/java.lang.Thread.run(Thread.java:840)
Caused by: chiseltest.internal.FailedExpectException: LFSR.io_out=0 (0x0) did not equal expected=189 (0xbd) (lines in randomtest.scala: 10)
	... 13 more
</failure>
                                               </testcase>
                     <system-out><![CDATA[]]></system-out>
                     <system-err><![CDATA[]]></system-err>
                   </testsuite>